[debug] [2020-12-31T15:50:20.512Z] ----------------------------------------------------------------------
[debug] [2020-12-31T15:50:20.517Z] Command:       /home/anuradha/.nvm/versions/node/v15.3.0/bin/node /home/anuradha/.nvm/versions/node/v15.3.0/bin/firebase login
[debug] [2020-12-31T15:50:20.518Z] CLI Version:   9.1.0
[debug] [2020-12-31T15:50:20.518Z] Platform:      linux
[debug] [2020-12-31T15:50:20.518Z] Node Version:  v15.3.0
[debug] [2020-12-31T15:50:20.520Z] Time:          Thu Dec 31 2020 21:20:20 GMT+0530 (India Standard Time)
[debug] [2020-12-31T15:50:20.520Z] ----------------------------------------------------------------------
[debug] [2020-12-31T15:50:20.520Z] 
[debug] [2020-12-31T15:50:20.525Z] >>> [apiv2][query] GET https://firebase-public.firebaseio.com/cli.json [none]
[info] i  Firebase optionally collects CLI usage and error reporting information to help improve our products. Data is collected in accordance with Google's privacy policy (https://policies.google.com/privacy) and is not used to identify you.
 
[debug] [2020-12-31T15:50:21.616Z] <<< [apiv2][status] GET https://firebase-public.firebaseio.com/cli.json 200
[debug] [2020-12-31T15:50:21.617Z] <<< [apiv2][body] GET https://firebase-public.firebaseio.com/cli.json {"cloudBuildErrorAfter":1594252800000,"cloudBuildWarnAfter":1590019200000,"defaultNode10After":1594252800000,"minVersion":"3.0.5","node8DeploysDisabledAfter":1613390400000,"node8RuntimeDisabledAfter":1615809600000,"node8WarnAfter":1600128000000}
[info] i  To change your data collection preference at any time, run `firebase logout` and log in again. 
[info] 
[info] Visit this URL on this device to log in:
[info] https://accounts.google.com/o/oauth2/auth?client_id=563584335869-fgrhgmd47bqnekij5i8b5pr03ho849e6.apps.googleusercontent.com&scope=email%20openid%20https%3A%2F%2Fwww.googleapis.com%2Fauth%2Fcloudplatformprojects.readonly%20https%3A%2F%2Fwww.googleapis.com%2Fauth%2Ffirebase%20https%3A%2F%2Fwww.googleapis.com%2Fauth%2Fcloud-platform&response_type=code&state=67043288&redirect_uri=http%3A%2F%2Flocalhost%3A9005
[info] 
[info] Waiting for authentication...
[debug] [2020-12-31T15:50:24.552Z] Error: spawn cmd.exe ENOENT
    at Process.ChildProcess._handle.onexit (node:internal/child_process:269:19)
    at onErrorNT (node:internal/child_process:467:16)
    at processTicksAndRejections (node:internal/process/task_queues:80:21)
[error] 
[error] Error: An unexpected error has occurred.
[debug] [2020-12-31T15:51:20.674Z] ----------------------------------------------------------------------
[debug] [2020-12-31T15:51:20.679Z] Command:       /home/anuradha/.nvm/versions/node/v15.3.0/bin/node /home/anuradha/.nvm/versions/node/v15.3.0/bin/firebase login --debug
[debug] [2020-12-31T15:51:20.679Z] CLI Version:   9.1.0
[debug] [2020-12-31T15:51:20.680Z] Platform:      linux
[debug] [2020-12-31T15:51:20.680Z] Node Version:  v15.3.0
[debug] [2020-12-31T15:51:20.681Z] Time:          Thu Dec 31 2020 21:21:20 GMT+0530 (India Standard Time)
[debug] [2020-12-31T15:51:20.681Z] ----------------------------------------------------------------------
[debug] [2020-12-31T15:51:20.682Z] 
[info] i  Firebase optionally collects CLI usage and error reporting information to help improve our products. Data is collected in accordance with Google's privacy policy (https://policies.google.com/privacy) and is not used to identify you.
 
[info] i  To change your data collection preference at any time, run `firebase logout` and log in again. 
[info] 
[info] Visit this URL on this device to log in:
[info] https://accounts.google.com/o/oauth2/auth?client_id=563584335869-fgrhgmd47bqnekij5i8b5pr03ho849e6.apps.googleusercontent.com&scope=email%20openid%20https%3A%2F%2Fwww.googleapis.com%2Fauth%2Fcloudplatformprojects.readonly%20https%3A%2F%2Fwww.googleapis.com%2Fauth%2Ffirebase%20https%3A%2F%2Fwww.googleapis.com%2Fauth%2Fcloud-platform&response_type=code&state=997400216&redirect_uri=http%3A%2F%2Flocalhost%3A9005
[info] 
[info] Waiting for authentication...
[debug] [2020-12-31T15:51:23.038Z] Error: spawn cmd.exe ENOENT
    at Process.ChildProcess._handle.onexit (node:internal/child_process:269:19)
    at onErrorNT (node:internal/child_process:467:16)
    at processTicksAndRejections (node:internal/process/task_queues:80:21)
[error] 
[error] Error: An unexpected error has occurred.
[debug] [2020-12-31T15:54:02.629Z] ----------------------------------------------------------------------
[debug] [2020-12-31T15:54:02.636Z] Command:       /usr/bin/node /usr/local/bin/firebase serve --debug --only hosting,functions
[debug] [2020-12-31T15:54:02.637Z] CLI Version:   9.1.0
[debug] [2020-12-31T15:54:02.637Z] Platform:      linux
[debug] [2020-12-31T15:54:02.638Z] Node Version:  v10.19.0
[debug] [2020-12-31T15:54:02.742Z] Time:          Thu Dec 31 2020 21:24:02 GMT+0530 (India Standard Time)
[debug] [2020-12-31T15:54:02.742Z] ----------------------------------------------------------------------
[debug] [2020-12-31T15:54:02.742Z] 
[debug] [2020-12-31T15:54:02.768Z] >>> [apiv2][query] GET https://firebase-public.firebaseio.com/cli.json [none]
[error] 
[error] Error: Not in a Firebase app directory (could not locate firebase.json)
[debug] [2020-12-31T15:54:18.999Z] ----------------------------------------------------------------------
[debug] [2020-12-31T15:54:19.007Z] Command:       /usr/bin/node /usr/local/bin/firebase serve --debug
[debug] [2020-12-31T15:54:19.008Z] CLI Version:   9.1.0
[debug] [2020-12-31T15:54:19.008Z] Platform:      linux
[debug] [2020-12-31T15:54:19.009Z] Node Version:  v10.19.0
[debug] [2020-12-31T15:54:19.011Z] Time:          Thu Dec 31 2020 21:24:19 GMT+0530 (India Standard Time)
[debug] [2020-12-31T15:54:19.011Z] ----------------------------------------------------------------------
[debug] [2020-12-31T15:54:19.012Z] 
[debug] [2020-12-31T15:54:19.017Z] >>> [apiv2][query] GET https://firebase-public.firebaseio.com/cli.json [none]
[error] 
[error] Error: Not in a Firebase app directory (could not locate firebase.json)
[debug] [2020-12-31T15:59:07.870Z] ----------------------------------------------------------------------
[debug] [2020-12-31T15:59:07.875Z] Command:       /home/anuradha/.nvm/versions/node/v15.3.0/bin/node /home/anuradha/.nvm/versions/node/v15.3.0/bin/firebase --debug login
[debug] [2020-12-31T15:59:07.875Z] CLI Version:   9.1.0
[debug] [2020-12-31T15:59:07.876Z] Platform:      linux
[debug] [2020-12-31T15:59:07.876Z] Node Version:  v15.3.0
[debug] [2020-12-31T15:59:07.877Z] Time:          Thu Dec 31 2020 21:29:07 GMT+0530 (India Standard Time)
[debug] [2020-12-31T15:59:07.877Z] ----------------------------------------------------------------------
[debug] [2020-12-31T15:59:07.878Z] 
[info] i  Firebase optionally collects CLI usage and error reporting information to help improve our products. Data is collected in accordance with Google's privacy policy (https://policies.google.com/privacy) and is not used to identify you.
 
[info] i  To change your data collection preference at any time, run `firebase logout` and log in again. 
[info] 
[info] Visit this URL on this device to log in:
[info] https://accounts.google.com/o/oauth2/auth?client_id=563584335869-fgrhgmd47bqnekij5i8b5pr03ho849e6.apps.googleusercontent.com&scope=email%20openid%20https%3A%2F%2Fwww.googleapis.com%2Fauth%2Fcloudplatformprojects.readonly%20https%3A%2F%2Fwww.googleapis.com%2Fauth%2Ffirebase%20https%3A%2F%2Fwww.googleapis.com%2Fauth%2Fcloud-platform&response_type=code&state=225382279&redirect_uri=http%3A%2F%2Flocalhost%3A9005
[info] 
[info] Waiting for authentication...
[debug] [2020-12-31T15:59:11.085Z] Error: spawn cmd.exe ENOENT
    at Process.ChildProcess._handle.onexit (node:internal/child_process:269:19)
    at onErrorNT (node:internal/child_process:467:16)
    at processTicksAndRejections (node:internal/process/task_queues:80:21)
[error] 
[error] Error: An unexpected error has occurred.
